<?xml version="1.0" encoding="UTF-8"?>
<!-- Generated by org.testng.reporters.JUnitReportReporter -->
<testsuite hostname="TVMATP620165L" failures="0" tests="1" name="org.demo.Exe1" time="0.007" errors="0" timestamp="2025-05-09T10:29:57 IST" skipped="0">
  <testcase classname="org.demo.Exe1" name="t1" time="0.007"/>
  <system-out/>
</testsuite> <!-- org.demo.Exe1 -->
