<?xml version="1.0" encoding="UTF-8"?>
<!-- Generated by org.testng.reporters.JUnitReportReporter -->
<testsuite hostname="TVMATP620165L" failures="0" tests="1" name="org.tests.BookingTest" time="1.805" errors="0" timestamp="2025-05-12T15:39:26 IST" skipped="0">
  <testcase classname="org.tests.BookingTest" name="booking_Verify" time="1.805"/>
  <system-out/>
</testsuite> <!-- org.tests.BookingTest -->
