<?xml version="1.0" encoding="UTF-8"?>
<!-- Generated by org.testng.reporters.JUnitReportReporter -->
<testsuite hostname="TVMATP620165L" failures="0" tests="1" name="org.tests.BookingTest" time="2.118" errors="0" timestamp="2025-05-12T12:40:31 IST" skipped="0">
  <testcase classname="org.tests.BookingTest" name="booking_Verify" time="2.118"/>
  <system-out/>
</testsuite> <!-- org.tests.BookingTest -->
