<?xml version="1.0" encoding="UTF-8"?>
<!-- Generated by org.testng.reporters.JUnitReportReporter -->
<testsuite hostname="TVMATP620165L" failures="0" tests="1" name="org.tests.SignupTest" time="1.252" errors="0" timestamp="2025-05-12T12:40:31 IST" skipped="0">
  <testcase classname="org.tests.SignupTest" name="signup_Test" time="1.252"/>
  <system-out/>
</testsuite> <!-- org.tests.SignupTest -->
