<?xml version="1.0" encoding="UTF-8"?>
<!-- Generated by org.testng.reporters.JUnitReportReporter -->
<testsuite hostname="TVMATP620165L" failures="0" tests="1" name="org.tests.LoginTest" time="0.685" errors="0" timestamp="2025-05-09T11:33:09 IST" skipped="0">
  <testcase classname="org.tests.LoginTest" name="login_test" time="0.685"/>
  <system-out/>
</testsuite> <!-- org.tests.LoginTest -->
